d:\worktemp\alg\alglib\alglib\debug\vc140.pdb
d:\worktemp\alg\alglib\alglib\debug\vc140.idb
d:\worktemp\alg\alglib\alglib\debug\test_graph_bipartite.obj
d:\worktemp\alg\alglib\alglib\debug\test_knapsack.obj
d:\worktemp\alg\alglib\alglib\debug\test_math.obj
d:\worktemp\alg\alglib\alglib\debug\test_other_dp.obj
d:\worktemp\alg\alglib\alglib\debug\test_search.obj
d:\worktemp\alg\alglib\alglib\debug\test_sequence.obj
d:\worktemp\alg\alglib\alglib\debug\test_string.obj
d:\worktemp\alg\alglib\alglib\debug\main.obj
d:\worktemp\alg\alglib\debug\alglib.pdb
d:\worktemp\alg\alglib\alglib\debug\alglib.tlog\cl.command.1.tlog
d:\worktemp\alg\alglib\alglib\debug\alglib.tlog\cl.read.1.tlog
d:\worktemp\alg\alglib\alglib\debug\alglib.tlog\cl.write.1.tlog
d:\worktemp\alg\alglib\alglib\debug\alglib.tlog\link-cvtres.read.1.tlog
d:\worktemp\alg\alglib\alglib\debug\alglib.tlog\link-cvtres.write.1.tlog
d:\worktemp\alg\alglib\alglib\debug\alglib.tlog\link-rc.read.1.tlog
d:\worktemp\alg\alglib\alglib\debug\alglib.tlog\link-rc.write.1.tlog
d:\worktemp\alg\alglib\alglib\debug\alglib.tlog\link.command.1.tlog
d:\worktemp\alg\alglib\alglib\debug\alglib.tlog\link.read.1.tlog
d:\worktemp\alg\alglib\alglib\debug\alglib.tlog\link.write.1.tlog
